#-----------------------------------------------------------
# Vivado v2018.3 (64-bit)
# SW Build 2405991 on Thu Dec  6 23:38:27 MST 2018
# IP Build 2404404 on Fri Dec  7 01:43:56 MST 2018
# Start of session at: Sun May 19 12:36:17 2024
# Process ID: 16020
# Current directory: D:/Make程/OneDrive/桌面/plan0427/Bulid
# Command line: vivado.exe -gui_launcher_event rodinguilauncherevent17016 D:\Make程\OneDrive\桌面\plan0427\Bulid\Top.xpr
# Log file: D:/Make程/OneDrive/桌面/plan0427/Bulid/vivado.log
# Journal file: D:/Make程/OneDrive/桌面/plan0427/Bulid\vivado.jou
#-----------------------------------------------------------
start_gui
open_project D:/Make程/OneDrive/桌面/plan0427/Bulid/Top.xpr
INFO: [Project 1-313] Project file moved from 'F:/A/2024/plan0427/Bulid' since last save.
Scanning sources...
Finished scanning sources
INFO: [IP_Flow 19-234] Refreshing IP repositories
INFO: [IP_Flow 19-1704] No user IP repositories specified
INFO: [IP_Flow 19-2313] Loaded Vivado IP repository 'D:/Vivado2018.3/Vivado/2018.3/data/ip'.
open_project: Time (s): cpu = 00:00:03 ; elapsed = 00:00:06 . Memory (MB): peak = 863.988 ; gain = 228.418
update_compile_order -fileset sources_1
