Vivado Simulator 2018.3
Copyright 1986-1999, 2001-2018 Xilinx, Inc. All Rights Reserved.
Running: E:/FPGA/Vivado/Vivado/2018.3/bin/unwrapped/win64.o/xelab.exe -wto c0f3391eee934edcb17d03bca688668d --incr --debug typical --relax --mt 2 -L fifo_generator_v13_2_3 -L xil_defaultlib -L unisims_ver -L unimacro_ver -L secureip -L xpm --snapshot tb_Top_behav xil_defaultlib.tb_Top xil_defaultlib.glbl -log elaborate.log 
Using 2 slave threads.
Starting static elaboration
WARNING: [VRFC 10-3091] actual bit length 8 differs from formal bit length 9 for port 'port0_rd_data' [C:/Users/Dell/Desktop/CICC/plan0427/Sim/tb_Top.v:226]
WARNING: [VRFC 10-3091] actual bit length 8 differs from formal bit length 9 for port 'port1_rd_data' [C:/Users/Dell/Desktop/CICC/plan0427/Sim/tb_Top.v:236]
WARNING: [VRFC 10-3091] actual bit length 8 differs from formal bit length 9 for port 'port2_rd_data' [C:/Users/Dell/Desktop/CICC/plan0427/Sim/tb_Top.v:246]
WARNING: [VRFC 10-3091] actual bit length 1 differs from formal bit length 8 for port 'wr_data' [C:/Users/Dell/Desktop/CICC/plan0427/Src/Top.v:1186]
WARNING: [VRFC 10-3091] actual bit length 1 differs from formal bit length 8 for port 'wr_data' [C:/Users/Dell/Desktop/CICC/plan0427/Src/Top.v:1200]
WARNING: [VRFC 10-3091] actual bit length 1 differs from formal bit length 8 for port 'wr_data' [C:/Users/Dell/Desktop/CICC/plan0427/Src/Top.v:1214]
WARNING: [VRFC 10-3091] actual bit length 1 differs from formal bit length 8 for port 'wr_data' [C:/Users/Dell/Desktop/CICC/plan0427/Src/Top.v:1228]
WARNING: [VRFC 10-3091] actual bit length 1 differs from formal bit length 8 for port 'wr_data' [C:/Users/Dell/Desktop/CICC/plan0427/Src/Top.v:1242]
WARNING: [VRFC 10-3091] actual bit length 1 differs from formal bit length 8 for port 'wr_data' [C:/Users/Dell/Desktop/CICC/plan0427/Src/Top.v:1256]
WARNING: [VRFC 10-3091] actual bit length 1 differs from formal bit length 8 for port 'wr_data' [C:/Users/Dell/Desktop/CICC/plan0427/Src/Top.v:1270]
WARNING: [VRFC 10-3091] actual bit length 1 differs from formal bit length 8 for port 'wr_data' [C:/Users/Dell/Desktop/CICC/plan0427/Src/Top.v:1284]
WARNING: [VRFC 10-3091] actual bit length 1 differs from formal bit length 8 for port 'wr_data' [C:/Users/Dell/Desktop/CICC/plan0427/Src/Top.v:1298]
WARNING: [VRFC 10-3091] actual bit length 1 differs from formal bit length 8 for port 'wr_data' [C:/Users/Dell/Desktop/CICC/plan0427/Src/Top.v:1312]
WARNING: [VRFC 10-3091] actual bit length 1 differs from formal bit length 8 for port 'wr_data' [C:/Users/Dell/Desktop/CICC/plan0427/Src/Top.v:1326]
WARNING: [VRFC 10-3091] actual bit length 1 differs from formal bit length 8 for port 'wr_data' [C:/Users/Dell/Desktop/CICC/plan0427/Src/Top.v:1340]
WARNING: [VRFC 10-3091] actual bit length 1 differs from formal bit length 8 for port 'wr_data' [C:/Users/Dell/Desktop/CICC/plan0427/Src/Top.v:1354]
WARNING: [VRFC 10-3091] actual bit length 30 differs from formal bit length 28 for port 'rd_info' [C:/Users/Dell/Desktop/CICC/plan0427/Src/Top.v:2247]
WARNING: [VRFC 10-3091] actual bit length 32 differs from formal bit length 28 for port 'rd_info' [C:/Users/Dell/Desktop/CICC/plan0427/Src/Top.v:2294]
WARNING: [VRFC 10-3091] actual bit length 30 differs from formal bit length 28 for port 'rd_info' [C:/Users/Dell/Desktop/CICC/plan0427/Src/Top.v:2340]
WARNING: [VRFC 10-3091] actual bit length 30 differs from formal bit length 28 for port 'rd_info' [C:/Users/Dell/Desktop/CICC/plan0427/Src/Top.v:2384]
WARNING: [VRFC 10-3091] actual bit length 30 differs from formal bit length 28 for port 'rd_info' [C:/Users/Dell/Desktop/CICC/plan0427/Src/Top.v:2428]
WARNING: [VRFC 10-3091] actual bit length 30 differs from formal bit length 28 for port 'rd_info' [C:/Users/Dell/Desktop/CICC/plan0427/Src/Top.v:2472]
WARNING: [VRFC 10-3091] actual bit length 30 differs from formal bit length 28 for port 'rd_info' [C:/Users/Dell/Desktop/CICC/plan0427/Src/Top.v:2516]
WARNING: [VRFC 10-3091] actual bit length 30 differs from formal bit length 28 for port 'rd_info' [C:/Users/Dell/Desktop/CICC/plan0427/Src/Top.v:2560]
WARNING: [VRFC 10-3091] actual bit length 30 differs from formal bit length 28 for port 'rd_info' [C:/Users/Dell/Desktop/CICC/plan0427/Src/Top.v:2604]
WARNING: [VRFC 10-3091] actual bit length 30 differs from formal bit length 28 for port 'rd_info' [C:/Users/Dell/Desktop/CICC/plan0427/Src/Top.v:2648]
WARNING: [VRFC 10-3091] actual bit length 30 differs from formal bit length 28 for port 'rd_info' [C:/Users/Dell/Desktop/CICC/plan0427/Src/Top.v:2692]
WARNING: [VRFC 10-3091] actual bit length 30 differs from formal bit length 28 for port 'rd_info' [C:/Users/Dell/Desktop/CICC/plan0427/Src/Top.v:2736]
WARNING: [VRFC 10-3091] actual bit length 30 differs from formal bit length 28 for port 'rd_info' [C:/Users/Dell/Desktop/CICC/plan0427/Src/Top.v:2780]
WARNING: [VRFC 10-3091] actual bit length 30 differs from formal bit length 28 for port 'rd_info' [C:/Users/Dell/Desktop/CICC/plan0427/Src/Top.v:2824]
WARNING: [VRFC 10-3091] actual bit length 30 differs from formal bit length 28 for port 'rd_info' [C:/Users/Dell/Desktop/CICC/plan0427/Src/Top.v:2868]
WARNING: [VRFC 10-3091] actual bit length 30 differs from formal bit length 28 for port 'rd_info' [C:/Users/Dell/Desktop/CICC/plan0427/Src/Top.v:2912]
WARNING: [VRFC 10-3091] actual bit length 30 differs from formal bit length 28 for port 'port0_rd_info' [C:/Users/Dell/Desktop/CICC/plan0427/Src/Top.v:2950]
WARNING: [VRFC 10-3091] actual bit length 32 differs from formal bit length 28 for port 'port1_rd_info' [C:/Users/Dell/Desktop/CICC/plan0427/Src/Top.v:2951]
WARNING: [VRFC 10-3091] actual bit length 30 differs from formal bit length 28 for port 'port2_rd_info' [C:/Users/Dell/Desktop/CICC/plan0427/Src/Top.v:2952]
WARNING: [VRFC 10-3091] actual bit length 30 differs from formal bit length 28 for port 'port3_rd_info' [C:/Users/Dell/Desktop/CICC/plan0427/Src/Top.v:2953]
WARNING: [VRFC 10-3091] actual bit length 30 differs from formal bit length 28 for port 'port4_rd_info' [C:/Users/Dell/Desktop/CICC/plan0427/Src/Top.v:2954]
WARNING: [VRFC 10-3091] actual bit length 30 differs from formal bit length 28 for port 'port5_rd_info' [C:/Users/Dell/Desktop/CICC/plan0427/Src/Top.v:2955]
WARNING: [VRFC 10-3091] actual bit length 30 differs from formal bit length 28 for port 'port6_rd_info' [C:/Users/Dell/Desktop/CICC/plan0427/Src/Top.v:2956]
WARNING: [VRFC 10-3091] actual bit length 30 differs from formal bit length 28 for port 'port7_rd_info' [C:/Users/Dell/Desktop/CICC/plan0427/Src/Top.v:2957]
WARNING: [VRFC 10-3091] actual bit length 30 differs from formal bit length 28 for port 'port8_rd_info' [C:/Users/Dell/Desktop/CICC/plan0427/Src/Top.v:2958]
WARNING: [VRFC 10-3091] actual bit length 30 differs from formal bit length 28 for port 'port9_rd_info' [C:/Users/Dell/Desktop/CICC/plan0427/Src/Top.v:2959]
WARNING: [VRFC 10-3091] actual bit length 30 differs from formal bit length 28 for port 'port10_rd_info' [C:/Users/Dell/Desktop/CICC/plan0427/Src/Top.v:2960]
WARNING: [VRFC 10-3091] actual bit length 30 differs from formal bit length 28 for port 'port11_rd_info' [C:/Users/Dell/Desktop/CICC/plan0427/Src/Top.v:2961]
WARNING: [VRFC 10-3091] actual bit length 30 differs from formal bit length 28 for port 'port12_rd_info' [C:/Users/Dell/Desktop/CICC/plan0427/Src/Top.v:2962]
WARNING: [VRFC 10-3091] actual bit length 30 differs from formal bit length 28 for port 'port13_rd_info' [C:/Users/Dell/Desktop/CICC/plan0427/Src/Top.v:2963]
WARNING: [VRFC 10-3091] actual bit length 30 differs from formal bit length 28 for port 'port14_rd_info' [C:/Users/Dell/Desktop/CICC/plan0427/Src/Top.v:2964]
WARNING: [VRFC 10-3091] actual bit length 30 differs from formal bit length 28 for port 'port15_rd_info' [C:/Users/Dell/Desktop/CICC/plan0427/Src/Top.v:2965]
WARNING: [VRFC 10-3091] actual bit length 26 differs from formal bit length 28 for port 'port_rd_info' [C:/Users/Dell/Desktop/CICC/plan0427/Src/Top.v:3002]
WARNING: [VRFC 10-3091] actual bit length 1 differs from formal bit length 8 for port 'port_rd_data' [C:/Users/Dell/Desktop/CICC/plan0427/Src/Top.v:3141]
WARNING: [VRFC 10-3091] actual bit length 1 differs from formal bit length 512 for port 'wr_use' [C:/Users/Dell/Desktop/CICC/plan0427/Src/Top.v:3162]
WARNING: [VRFC 10-3091] actual bit length 1 differs from formal bit length 512 for port 'rd_use' [C:/Users/Dell/Desktop/CICC/plan0427/Src/Top.v:3163]
WARNING: [VRFC 10-3091] actual bit length 1 differs from formal bit length 8 for port 'port_rd_data' [C:/Users/Dell/Desktop/CICC/plan0427/Src/Top.v:3174]
WARNING: [VRFC 10-3091] actual bit length 1 differs from formal bit length 512 for port 'wr_use' [C:/Users/Dell/Desktop/CICC/plan0427/Src/Top.v:3193]
WARNING: [VRFC 10-3091] actual bit length 1 differs from formal bit length 512 for port 'rd_use' [C:/Users/Dell/Desktop/CICC/plan0427/Src/Top.v:3194]
WARNING: [VRFC 10-3091] actual bit length 1 differs from formal bit length 8 for port 'port_rd_data' [C:/Users/Dell/Desktop/CICC/plan0427/Src/Top.v:3205]
WARNING: [VRFC 10-3091] actual bit length 1 differs from formal bit length 512 for port 'wr_use' [C:/Users/Dell/Desktop/CICC/plan0427/Src/Top.v:3224]
WARNING: [VRFC 10-3091] actual bit length 1 differs from formal bit length 512 for port 'rd_use' [C:/Users/Dell/Desktop/CICC/plan0427/Src/Top.v:3225]
WARNING: [VRFC 10-3091] actual bit length 1 differs from formal bit length 8 for port 'port_rd_data' [C:/Users/Dell/Desktop/CICC/plan0427/Src/Top.v:3236]
WARNING: [VRFC 10-3091] actual bit length 1 differs from formal bit length 512 for port 'wr_use' [C:/Users/Dell/Desktop/CICC/plan0427/Src/Top.v:3255]
WARNING: [VRFC 10-3091] actual bit length 1 differs from formal bit length 512 for port 'rd_use' [C:/Users/Dell/Desktop/CICC/plan0427/Src/Top.v:3256]
WARNING: [VRFC 10-3091] actual bit length 1 differs from formal bit length 8 for port 'port_rd_data' [C:/Users/Dell/Desktop/CICC/plan0427/Src/Top.v:3267]
WARNING: [VRFC 10-3091] actual bit length 1 differs from formal bit length 512 for port 'wr_use' [C:/Users/Dell/Desktop/CICC/plan0427/Src/Top.v:3286]
WARNING: [VRFC 10-3091] actual bit length 1 differs from formal bit length 512 for port 'rd_use' [C:/Users/Dell/Desktop/CICC/plan0427/Src/Top.v:3287]
WARNING: [VRFC 10-3091] actual bit length 1 differs from formal bit length 8 for port 'port_rd_data' [C:/Users/Dell/Desktop/CICC/plan0427/Src/Top.v:3298]
WARNING: [VRFC 10-3091] actual bit length 1 differs from formal bit length 512 for port 'wr_use' [C:/Users/Dell/Desktop/CICC/plan0427/Src/Top.v:3317]
WARNING: [VRFC 10-3091] actual bit length 1 differs from formal bit length 512 for port 'rd_use' [C:/Users/Dell/Desktop/CICC/plan0427/Src/Top.v:3318]
WARNING: [VRFC 10-3091] actual bit length 1 differs from formal bit length 8 for port 'port_rd_data' [C:/Users/Dell/Desktop/CICC/plan0427/Src/Top.v:3329]
WARNING: [VRFC 10-3091] actual bit length 1 differs from formal bit length 512 for port 'wr_use' [C:/Users/Dell/Desktop/CICC/plan0427/Src/Top.v:3348]
WARNING: [VRFC 10-3091] actual bit length 1 differs from formal bit length 512 for port 'rd_use' [C:/Users/Dell/Desktop/CICC/plan0427/Src/Top.v:3349]
WARNING: [VRFC 10-3091] actual bit length 1 differs from formal bit length 8 for port 'port_rd_data' [C:/Users/Dell/Desktop/CICC/plan0427/Src/Top.v:3360]
WARNING: [VRFC 10-3091] actual bit length 1 differs from formal bit length 512 for port 'wr_use' [C:/Users/Dell/Desktop/CICC/plan0427/Src/Top.v:3379]
WARNING: [VRFC 10-3091] actual bit length 1 differs from formal bit length 512 for port 'rd_use' [C:/Users/Dell/Desktop/CICC/plan0427/Src/Top.v:3380]
WARNING: [VRFC 10-3091] actual bit length 1 differs from formal bit length 8 for port 'port_rd_data' [C:/Users/Dell/Desktop/CICC/plan0427/Src/Top.v:3391]
WARNING: [VRFC 10-3091] actual bit length 1 differs from formal bit length 512 for port 'wr_use' [C:/Users/Dell/Desktop/CICC/plan0427/Src/Top.v:3410]
WARNING: [VRFC 10-3091] actual bit length 1 differs from formal bit length 512 for port 'rd_use' [C:/Users/Dell/Desktop/CICC/plan0427/Src/Top.v:3411]
WARNING: [VRFC 10-3091] actual bit length 1 differs from formal bit length 8 for port 'port_rd_data' [C:/Users/Dell/Desktop/CICC/plan0427/Src/Top.v:3422]
WARNING: [VRFC 10-3091] actual bit length 1 differs from formal bit length 512 for port 'wr_use' [C:/Users/Dell/Desktop/CICC/plan0427/Src/Top.v:3441]
WARNING: [VRFC 10-3091] actual bit length 1 differs from formal bit length 512 for port 'rd_use' [C:/Users/Dell/Desktop/CICC/plan0427/Src/Top.v:3442]
WARNING: [VRFC 10-3091] actual bit length 1 differs from formal bit length 8 for port 'port_rd_data' [C:/Users/Dell/Desktop/CICC/plan0427/Src/Top.v:3453]
WARNING: [VRFC 10-3091] actual bit length 1 differs from formal bit length 512 for port 'wr_use' [C:/Users/Dell/Desktop/CICC/plan0427/Src/Top.v:3472]
WARNING: [VRFC 10-3091] actual bit length 1 differs from formal bit length 512 for port 'rd_use' [C:/Users/Dell/Desktop/CICC/plan0427/Src/Top.v:3473]
WARNING: [VRFC 10-3091] actual bit length 1 differs from formal bit length 8 for port 'port_rd_data' [C:/Users/Dell/Desktop/CICC/plan0427/Src/Top.v:3484]
WARNING: [VRFC 10-3091] actual bit length 1 differs from formal bit length 512 for port 'wr_use' [C:/Users/Dell/Desktop/CICC/plan0427/Src/Top.v:3503]
WARNING: [VRFC 10-3091] actual bit length 1 differs from formal bit length 512 for port 'rd_use' [C:/Users/Dell/Desktop/CICC/plan0427/Src/Top.v:3504]
WARNING: [VRFC 10-3091] actual bit length 1 differs from formal bit length 8 for port 'port_rd_data' [C:/Users/Dell/Desktop/CICC/plan0427/Src/Top.v:3515]
WARNING: [VRFC 10-3091] actual bit length 1 differs from formal bit length 512 for port 'wr_use' [C:/Users/Dell/Desktop/CICC/plan0427/Src/Top.v:3534]
WARNING: [VRFC 10-3091] actual bit length 1 differs from formal bit length 512 for port 'rd_use' [C:/Users/Dell/Desktop/CICC/plan0427/Src/Top.v:3535]
WARNING: [VRFC 10-3091] actual bit length 1 differs from formal bit length 8 for port 'port_rd_data' [C:/Users/Dell/Desktop/CICC/plan0427/Src/Top.v:3546]
WARNING: [VRFC 10-3091] actual bit length 1 differs from formal bit length 512 for port 'wr_use' [C:/Users/Dell/Desktop/CICC/plan0427/Src/Top.v:3565]
WARNING: [VRFC 10-3091] actual bit length 1 differs from formal bit length 512 for port 'rd_use' [C:/Users/Dell/Desktop/CICC/plan0427/Src/Top.v:3566]
WARNING: [VRFC 10-3091] actual bit length 1 differs from formal bit length 8 for port 'port_rd_data' [C:/Users/Dell/Desktop/CICC/plan0427/Src/Top.v:3577]
WARNING: [VRFC 10-3091] actual bit length 1 differs from formal bit length 512 for port 'wr_use' [C:/Users/Dell/Desktop/CICC/plan0427/Src/Top.v:3596]
WARNING: [VRFC 10-3091] actual bit length 1 differs from formal bit length 512 for port 'rd_use' [C:/Users/Dell/Desktop/CICC/plan0427/Src/Top.v:3597]
WARNING: [VRFC 10-3091] actual bit length 1 differs from formal bit length 8 for port 'port_rd_data' [C:/Users/Dell/Desktop/CICC/plan0427/Src/Top.v:3608]
WARNING: [VRFC 10-3091] actual bit length 1 differs from formal bit length 512 for port 'wr_use' [C:/Users/Dell/Desktop/CICC/plan0427/Src/Top.v:3627]
WARNING: [VRFC 10-3091] actual bit length 1 differs from formal bit length 512 for port 'rd_use' [C:/Users/Dell/Desktop/CICC/plan0427/Src/Top.v:3628]
WARNING: [VRFC 10-3091] actual bit length 1 differs from formal bit length 8 for port 'port_rd_data' [C:/Users/Dell/Desktop/CICC/plan0427/Src/Top.v:3639]
WARNING: [VRFC 10-3091] actual bit length 1 differs from formal bit length 512 for port 'wr_use' [C:/Users/Dell/Desktop/CICC/plan0427/Src/Top.v:3658]
WARNING: [VRFC 10-3091] actual bit length 1 differs from formal bit length 512 for port 'rd_use' [C:/Users/Dell/Desktop/CICC/plan0427/Src/Top.v:3659]
WARNING: [VRFC 10-3091] actual bit length 1 differs from formal bit length 8 for port 'port_rd_data' [C:/Users/Dell/Desktop/CICC/plan0427/Src/Top.v:3670]
WARNING: [VRFC 10-3091] actual bit length 1 differs from formal bit length 512 for port 'wr_use' [C:/Users/Dell/Desktop/CICC/plan0427/Src/Top.v:3689]
WARNING: [VRFC 10-3091] actual bit length 1 differs from formal bit length 512 for port 'rd_use' [C:/Users/Dell/Desktop/CICC/plan0427/Src/Top.v:3690]
WARNING: [VRFC 10-3091] actual bit length 1 differs from formal bit length 8 for port 'port_rd_data' [C:/Users/Dell/Desktop/CICC/plan0427/Src/Top.v:3701]
WARNING: [VRFC 10-3091] actual bit length 1 differs from formal bit length 512 for port 'wr_use' [C:/Users/Dell/Desktop/CICC/plan0427/Src/Top.v:3720]
WARNING: [VRFC 10-3091] actual bit length 1 differs from formal bit length 512 for port 'rd_use' [C:/Users/Dell/Desktop/CICC/plan0427/Src/Top.v:3721]
WARNING: [VRFC 10-3091] actual bit length 1 differs from formal bit length 8 for port 'port_rd_data' [C:/Users/Dell/Desktop/CICC/plan0427/Src/Top.v:3732]
WARNING: [VRFC 10-3091] actual bit length 1 differs from formal bit length 512 for port 'wr_use' [C:/Users/Dell/Desktop/CICC/plan0427/Src/Top.v:3751]
WARNING: [VRFC 10-3091] actual bit length 1 differs from formal bit length 512 for port 'rd_use' [C:/Users/Dell/Desktop/CICC/plan0427/Src/Top.v:3752]
WARNING: [VRFC 10-3091] actual bit length 1 differs from formal bit length 8 for port 'port_rd_data' [C:/Users/Dell/Desktop/CICC/plan0427/Src/Top.v:3763]
WARNING: [VRFC 10-3091] actual bit length 1 differs from formal bit length 512 for port 'wr_use' [C:/Users/Dell/Desktop/CICC/plan0427/Src/Top.v:3782]
WARNING: [VRFC 10-3091] actual bit length 1 differs from formal bit length 512 for port 'rd_use' [C:/Users/Dell/Desktop/CICC/plan0427/Src/Top.v:3783]
WARNING: [VRFC 10-3091] actual bit length 1 differs from formal bit length 8 for port 'port_rd_data' [C:/Users/Dell/Desktop/CICC/plan0427/Src/Top.v:3794]
WARNING: [VRFC 10-3091] actual bit length 1 differs from formal bit length 512 for port 'wr_use' [C:/Users/Dell/Desktop/CICC/plan0427/Src/Top.v:3813]
WARNING: [VRFC 10-3091] actual bit length 1 differs from formal bit length 512 for port 'rd_use' [C:/Users/Dell/Desktop/CICC/plan0427/Src/Top.v:3814]
WARNING: [VRFC 10-3091] actual bit length 1 differs from formal bit length 8 for port 'port_rd_data' [C:/Users/Dell/Desktop/CICC/plan0427/Src/Top.v:3825]
WARNING: [VRFC 10-3091] actual bit length 1 differs from formal bit length 512 for port 'wr_use' [C:/Users/Dell/Desktop/CICC/plan0427/Src/Top.v:3844]
WARNING: [VRFC 10-3091] actual bit length 1 differs from formal bit length 512 for port 'rd_use' [C:/Users/Dell/Desktop/CICC/plan0427/Src/Top.v:3845]
WARNING: [VRFC 10-3091] actual bit length 1 differs from formal bit length 8 for port 'port_rd_data' [C:/Users/Dell/Desktop/CICC/plan0427/Src/Top.v:3856]
WARNING: [VRFC 10-3091] actual bit length 1 differs from formal bit length 512 for port 'wr_use' [C:/Users/Dell/Desktop/CICC/plan0427/Src/Top.v:3875]
WARNING: [VRFC 10-3091] actual bit length 1 differs from formal bit length 512 for port 'rd_use' [C:/Users/Dell/Desktop/CICC/plan0427/Src/Top.v:3876]
WARNING: [VRFC 10-3091] actual bit length 1 differs from formal bit length 8 for port 'port_rd_data' [C:/Users/Dell/Desktop/CICC/plan0427/Src/Top.v:3887]
WARNING: [VRFC 10-3091] actual bit length 1 differs from formal bit length 512 for port 'wr_use' [C:/Users/Dell/Desktop/CICC/plan0427/Src/Top.v:3906]
WARNING: [VRFC 10-3091] actual bit length 1 differs from formal bit length 512 for port 'rd_use' [C:/Users/Dell/Desktop/CICC/plan0427/Src/Top.v:3907]
WARNING: [VRFC 10-3091] actual bit length 1 differs from formal bit length 8 for port 'port_rd_data' [C:/Users/Dell/Desktop/CICC/plan0427/Src/Top.v:3918]
WARNING: [VRFC 10-3091] actual bit length 1 differs from formal bit length 512 for port 'wr_use' [C:/Users/Dell/Desktop/CICC/plan0427/Src/Top.v:3937]
WARNING: [VRFC 10-3091] actual bit length 1 differs from formal bit length 512 for port 'rd_use' [C:/Users/Dell/Desktop/CICC/plan0427/Src/Top.v:3938]
WARNING: [VRFC 10-3091] actual bit length 1 differs from formal bit length 8 for port 'port_rd_data' [C:/Users/Dell/Desktop/CICC/plan0427/Src/Top.v:3949]
WARNING: [VRFC 10-3091] actual bit length 1 differs from formal bit length 512 for port 'wr_use' [C:/Users/Dell/Desktop/CICC/plan0427/Src/Top.v:3968]
WARNING: [VRFC 10-3091] actual bit length 1 differs from formal bit length 512 for port 'rd_use' [C:/Users/Dell/Desktop/CICC/plan0427/Src/Top.v:3969]
WARNING: [VRFC 10-3091] actual bit length 1 differs from formal bit length 8 for port 'port_rd_data' [C:/Users/Dell/Desktop/CICC/plan0427/Src/Top.v:3980]
WARNING: [VRFC 10-3091] actual bit length 1 differs from formal bit length 512 for port 'wr_use' [C:/Users/Dell/Desktop/CICC/plan0427/Src/Top.v:3999]
WARNING: [VRFC 10-3091] actual bit length 1 differs from formal bit length 512 for port 'rd_use' [C:/Users/Dell/Desktop/CICC/plan0427/Src/Top.v:4000]
WARNING: [VRFC 10-3091] actual bit length 1 differs from formal bit length 8 for port 'port_rd_data' [C:/Users/Dell/Desktop/CICC/plan0427/Src/Top.v:4011]
WARNING: [VRFC 10-3091] actual bit length 1 differs from formal bit length 512 for port 'wr_use' [C:/Users/Dell/Desktop/CICC/plan0427/Src/Top.v:4030]
WARNING: [VRFC 10-3091] actual bit length 1 differs from formal bit length 512 for port 'rd_use' [C:/Users/Dell/Desktop/CICC/plan0427/Src/Top.v:4031]
WARNING: [VRFC 10-3091] actual bit length 1 differs from formal bit length 8 for port 'port_rd_data' [C:/Users/Dell/Desktop/CICC/plan0427/Src/Top.v:4042]
WARNING: [VRFC 10-3091] actual bit length 1 differs from formal bit length 512 for port 'wr_use' [C:/Users/Dell/Desktop/CICC/plan0427/Src/Top.v:4061]
WARNING: [VRFC 10-3091] actual bit length 1 differs from formal bit length 512 for port 'rd_use' [C:/Users/Dell/Desktop/CICC/plan0427/Src/Top.v:4062]
WARNING: [VRFC 10-3091] actual bit length 1 differs from formal bit length 8 for port 'port_rd_data' [C:/Users/Dell/Desktop/CICC/plan0427/Src/Top.v:4073]
WARNING: [VRFC 10-3091] actual bit length 1 differs from formal bit length 512 for port 'wr_use' [C:/Users/Dell/Desktop/CICC/plan0427/Src/Top.v:4092]
WARNING: [VRFC 10-3091] actual bit length 1 differs from formal bit length 512 for port 'rd_use' [C:/Users/Dell/Desktop/CICC/plan0427/Src/Top.v:4093]
WARNING: [VRFC 10-3091] actual bit length 1 differs from formal bit length 8 for port 'port_rd_data' [C:/Users/Dell/Desktop/CICC/plan0427/Src/Top.v:4104]
Completed static elaboration
Starting simulation data flow analysis
Completed simulation data flow analysis
Time Resolution for simulation is 1ps
Compiling module fifo_generator_v13_2_3.fifo_generator_v13_2_3_bhv_ver_s...
Compiling module fifo_generator_v13_2_3.fifo_generator_v13_2_3_bhv_ver_p...
Compiling module fifo_generator_v13_2_3.fifo_generator_v13_2_3_CONV_VER(...
Compiling module fifo_generator_v13_2_3.fifo_generator_vlog_beh(C_COMMON...
Compiling module fifo_generator_v13_2_3.fifo_generator_v13_2_3(C_COMMON_...
Compiling module xil_defaultlib.wr_fifo
Compiling module xil_defaultlib.wr_lead
Compiling module xil_defaultlib.check
Compiling module fifo_generator_v13_2_3.fifo_generator_v13_2_3_bhv_ver_s...
Compiling module fifo_generator_v13_2_3.fifo_generator_v13_2_3_bhv_ver_p...
Compiling module fifo_generator_v13_2_3.fifo_generator_v13_2_3_CONV_VER(...
Compiling module fifo_generator_v13_2_3.fifo_generator_vlog_beh(C_COMMON...
Compiling module fifo_generator_v13_2_3.fifo_generator_v13_2_3(C_COMMON_...
Compiling module xil_defaultlib.data_fifo
Compiling module xil_defaultlib.addr_gen
Compiling module fifo_generator_v13_2_3.fifo_generator_v13_2_3_bhv_ver_s...
Compiling module fifo_generator_v13_2_3.fifo_generator_v13_2_3_bhv_ver_p...
Compiling module fifo_generator_v13_2_3.fifo_generator_v13_2_3_CONV_VER(...
Compiling module fifo_generator_v13_2_3.fifo_generator_vlog_beh(C_COMMON...
Compiling module fifo_generator_v13_2_3.fifo_generator_v13_2_3(C_COMMON_...
Compiling module xil_defaultlib.queue_fifo
Compiling module xil_defaultlib.queue_gen
Compiling module xil_defaultlib.addr_ctrl
Compiling module xil_defaultlib.addr_re
Compiling module xil_defaultlib.wr_sram
Compiling module xil_defaultlib.wr_sram(SRAM_INDEX=1)
Compiling module xil_defaultlib.wr_sram(SRAM_INDEX=2)
Compiling module xil_defaultlib.wr_sram(SRAM_INDEX=3)
Compiling module xil_defaultlib.wr_sram(SRAM_INDEX=4)
Compiling module xil_defaultlib.wr_sram(SRAM_INDEX=5)
Compiling module xil_defaultlib.wr_sram(SRAM_INDEX=6)
Compiling module xil_defaultlib.wr_sram(SRAM_INDEX=7)
Compiling module xil_defaultlib.wr_sram(SRAM_INDEX=8)
Compiling module xil_defaultlib.wr_sram(SRAM_INDEX=9)
Compiling module xil_defaultlib.wr_sram(SRAM_INDEX=10)
Compiling module xil_defaultlib.wr_sram(SRAM_INDEX=11)
Compiling module xil_defaultlib.wr_sram(SRAM_INDEX=12)
Compiling module xil_defaultlib.wr_sram(SRAM_INDEX=13)
Compiling module xil_defaultlib.wr_sram(SRAM_INDEX=14)
Compiling module xil_defaultlib.wr_sram(SRAM_INDEX=15)
Compiling module xil_defaultlib.wr_sram(SRAM_INDEX=16)
Compiling module xil_defaultlib.wr_sram(SRAM_INDEX=17)
Compiling module xil_defaultlib.wr_sram(SRAM_INDEX=18)
Compiling module xil_defaultlib.wr_sram(SRAM_INDEX=19)
Compiling module xil_defaultlib.wr_sram(SRAM_INDEX=20)
Compiling module xil_defaultlib.wr_sram(SRAM_INDEX=21)
Compiling module xil_defaultlib.wr_sram(SRAM_INDEX=22)
Compiling module xil_defaultlib.wr_sram(SRAM_INDEX=23)
Compiling module xil_defaultlib.wr_sram(SRAM_INDEX=24)
Compiling module xil_defaultlib.wr_sram(SRAM_INDEX=25)
Compiling module xil_defaultlib.wr_sram(SRAM_INDEX=26)
Compiling module xil_defaultlib.wr_sram(SRAM_INDEX=27)
Compiling module xil_defaultlib.wr_sram(SRAM_INDEX=28)
Compiling module xil_defaultlib.wr_sram(SRAM_INDEX=29)
Compiling module xil_defaultlib.wr_sram(SRAM_INDEX=30)
Compiling module xil_defaultlib.wr_sram(SRAM_INDEX=31)
Compiling module xil_defaultlib.Top
Compiling module xil_defaultlib.tb_Top
Compiling module xil_defaultlib.glbl
Built simulation snapshot tb_Top_behav
